<?xml version="1.0" encoding="UTF-8"?>
<testng-results ignored="0" total="1" passed="1" failed="0" skipped="0">
  <reporter-output>
  </reporter-output>
  <suite started-at="2024-08-14T23:05:28 BDT" name="Default suite" finished-at="2024-08-14T23:05:53 BDT" duration-ms="25548">
    <groups>
    </groups>
    <test started-at="2024-08-14T23:05:28 BDT" name="Default test" finished-at="2024-08-14T23:05:53 BDT" duration-ms="25548">
      <class name="automation.SelectClass">
        <test-method is-config="true" signature="start()[pri:0, instance:automation.SelectClass@4be29ed9]" started-at="2024-08-14T23:05:25 BDT" name="start" finished-at="2024-08-14T23:05:28 BDT" duration-ms="2985" status="PASS">
          <reporter-output>
          </reporter-output>
        </test-method> <!-- start -->
        <test-method signature="selectClassMethod()[pri:0, instance:automation.SelectClass@4be29ed9]" started-at="2024-08-14T23:05:28 BDT" name="selectClassMethod" finished-at="2024-08-14T23:05:53 BDT" duration-ms="25418" status="PASS">
          <reporter-output>
          </reporter-output>
        </test-method> <!-- selectClassMethod -->
        <test-method is-config="true" signature="close()[pri:0, instance:automation.SelectClass@4be29ed9]" started-at="2024-08-14T23:05:53 BDT" name="close" finished-at="2024-08-14T23:05:54 BDT" duration-ms="378" status="PASS">
          <reporter-output>
          </reporter-output>
        </test-method> <!-- close -->
      </class> <!-- automation.SelectClass -->
    </test> <!-- Default test -->
  </suite> <!-- Default suite -->
</testng-results>
